[0.917s] Invoking command in '/home/ctk/wanderbot/src/wanderbot4W_description': PYTHONPATH=/home/ctk/wanderbot/build/wanderbot4W_description/prefix_override:/home/ctk/wanderbot/install/wanderbot4W_description/lib/python3.10/site-packages:${PYTHONPATH} /usr/bin/python3 -W ignore:setup.py install is deprecated setup.py egg_info --egg-base ../../build/wanderbot4W_description build --build-base /home/ctk/wanderbot/build/wanderbot4W_description/build install --record /home/ctk/wanderbot/build/wanderbot4W_description/install.log --single-version-externally-managed install_data
[1.143s] running egg_info
[1.144s] writing ../../build/wanderbot4W_description/wanderbot4W_description.egg-info/PKG-INFO
[1.144s] writing dependency_links to ../../build/wanderbot4W_description/wanderbot4W_description.egg-info/dependency_links.txt
[1.145s] writing entry points to ../../build/wanderbot4W_description/wanderbot4W_description.egg-info/entry_points.txt
[1.145s] writing requirements to ../../build/wanderbot4W_description/wanderbot4W_description.egg-info/requires.txt
[1.145s] writing top-level names to ../../build/wanderbot4W_description/wanderbot4W_description.egg-info/top_level.txt
[1.147s] reading manifest file '../../build/wanderbot4W_description/wanderbot4W_description.egg-info/SOURCES.txt'
[1.149s] writing manifest file '../../build/wanderbot4W_description/wanderbot4W_description.egg-info/SOURCES.txt'
[1.149s] running build
[1.149s] running build_py
[1.150s] running install
[1.150s] running install_lib
[1.151s] running install_data
[1.151s] running install_egg_info
[1.154s] removing '/home/ctk/wanderbot/install/wanderbot4W_description/lib/python3.10/site-packages/wanderbot4W_description-0.0.0-py3.10.egg-info' (and everything under it)
[1.154s] Copying ../../build/wanderbot4W_description/wanderbot4W_description.egg-info to /home/ctk/wanderbot/install/wanderbot4W_description/lib/python3.10/site-packages/wanderbot4W_description-0.0.0-py3.10.egg-info
[1.155s] running install_scripts
[1.175s] writing list of installed files to '/home/ctk/wanderbot/build/wanderbot4W_description/install.log'
[1.212s] Invoked command in '/home/ctk/wanderbot/src/wanderbot4W_description' returned '0': PYTHONPATH=/home/ctk/wanderbot/build/wanderbot4W_description/prefix_override:/home/ctk/wanderbot/install/wanderbot4W_description/lib/python3.10/site-packages:${PYTHONPATH} /usr/bin/python3 -W ignore:setup.py install is deprecated setup.py egg_info --egg-base ../../build/wanderbot4W_description build --build-base /home/ctk/wanderbot/build/wanderbot4W_description/build install --record /home/ctk/wanderbot/build/wanderbot4W_description/install.log --single-version-externally-managed install_data
