running egg_info
writing ../../build/control_simulate/control_simulate.egg-info/PKG-INFO
writing dependency_links to ../../build/control_simulate/control_simulate.egg-info/dependency_links.txt
writing entry points to ../../build/control_simulate/control_simulate.egg-info/entry_points.txt
writing requirements to ../../build/control_simulate/control_simulate.egg-info/requires.txt
writing top-level names to ../../build/control_simulate/control_simulate.egg-info/top_level.txt
reading manifest file '../../build/control_simulate/control_simulate.egg-info/SOURCES.txt'
writing manifest file '../../build/control_simulate/control_simulate.egg-info/SOURCES.txt'
running build
running build_py
running install
running install_lib
copying /home/ctk/wanderbot/build/control_simulate/build/lib/control_simulate/ui/speed_coltrol.py -> /home/ctk/wanderbot/install/control_simulate/lib/python3.10/site-packages/control_simulate/ui
copying /home/ctk/wanderbot/build/control_simulate/build/lib/control_simulate/ui/speed_coltrol.ui -> /home/ctk/wanderbot/install/control_simulate/lib/python3.10/site-packages/control_simulate/ui
copying /home/ctk/wanderbot/build/control_simulate/build/lib/control_simulate/ui/__pycache__/speed_coltrol.cpython-310.pyc -> /home/ctk/wanderbot/install/control_simulate/lib/python3.10/site-packages/control_simulate/ui/__pycache__
copying /home/ctk/wanderbot/build/control_simulate/build/lib/control_simulate/ui/__pycache__/__init__.cpython-310.pyc -> /home/ctk/wanderbot/install/control_simulate/lib/python3.10/site-packages/control_simulate/ui/__pycache__
copying /home/ctk/wanderbot/build/control_simulate/build/lib/control_simulate/ui/__init__.py -> /home/ctk/wanderbot/install/control_simulate/lib/python3.10/site-packages/control_simulate/ui
running install_data
running install_egg_info
removing '/home/ctk/wanderbot/install/control_simulate/lib/python3.10/site-packages/control_simulate-0.0.0-py3.10.egg-info' (and everything under it)
Copying ../../build/control_simulate/control_simulate.egg-info to /home/ctk/wanderbot/install/control_simulate/lib/python3.10/site-packages/control_simulate-0.0.0-py3.10.egg-info
running install_scripts
Installing control_sim script to /home/ctk/wanderbot/install/control_simulate/lib/control_simulate
writing list of installed files to '/home/ctk/wanderbot/build/control_simulate/install.log'
