[0.068s] DEBUG:colcon:Command line arguments: ['/usr/bin/colcon', 'build']
[0.068s] DEBUG:colcon:Parsed command line arguments: Namespace(log_base=None, log_level=None, verb_name='build', build_base='build', install_base='install', merge_install=False, symlink_install=False, test_result_base=None, continue_on_error=False, executor='parallel', parallel_workers=8, event_handlers=None, ignore_user_meta=False, metas=['./colcon.meta'], base_paths=['.'], packages_ignore=None, packages_ignore_regex=None, paths=None, packages_up_to=None, packages_up_to_regex=None, packages_above=None, packages_above_and_dependencies=None, packages_above_depth=None, packages_select_by_dep=None, packages_skip_by_dep=None, packages_skip_up_to=None, packages_select_build_failed=False, packages_skip_build_finished=False, packages_select_test_failures=False, packages_skip_test_passed=False, packages_select=None, packages_skip=None, packages_select_regex=None, packages_skip_regex=None, packages_start=None, packages_end=None, allow_overriding=[], cmake_args=None, cmake_target=None, cmake_target_skip_unavailable=False, cmake_clean_cache=False, cmake_clean_first=False, cmake_force_configure=False, ament_cmake_args=None, catkin_cmake_args=None, catkin_skip_building_tests=False, verb_parser=<colcon_defaults.argument_parser.defaults.DefaultArgumentsDecorator object at 0x7f49863ad3f0>, verb_extension=<colcon_core.verb.build.BuildVerb object at 0x7f49863ac310>, main=<bound method BuildVerb.main of <colcon_core.verb.build.BuildVerb object at 0x7f49863ac310>>)
[0.180s] Level 1:colcon.colcon_core.package_discovery:discover_packages(colcon_meta) check parameters
[0.180s] Level 1:colcon.colcon_core.package_discovery:discover_packages(recursive) check parameters
[0.180s] Level 1:colcon.colcon_core.package_discovery:discover_packages(ignore) check parameters
[0.180s] Level 1:colcon.colcon_core.package_discovery:discover_packages(path) check parameters
[0.180s] Level 1:colcon.colcon_core.package_discovery:discover_packages(colcon_meta) discover
[0.180s] Level 1:colcon.colcon_core.package_discovery:discover_packages(recursive) discover
[0.180s] INFO:colcon.colcon_core.package_discovery:Crawling recursively for packages in '/home/ctk/wanderbot'
[0.180s] Level 1:colcon.colcon_core.package_identification:_identify(.) by extensions ['ignore', 'ignore_ament_install']
[0.180s] Level 1:colcon.colcon_core.package_identification:_identify(.) by extension 'ignore'
[0.181s] Level 1:colcon.colcon_core.package_identification:_identify(.) by extension 'ignore_ament_install'
[0.181s] Level 1:colcon.colcon_core.package_identification:_identify(.) by extensions ['colcon_pkg']
[0.181s] Level 1:colcon.colcon_core.package_identification:_identify(.) by extension 'colcon_pkg'
[0.181s] Level 1:colcon.colcon_core.package_identification:_identify(.) by extensions ['colcon_meta']
[0.181s] Level 1:colcon.colcon_core.package_identification:_identify(.) by extension 'colcon_meta'
[0.181s] Level 1:colcon.colcon_core.package_identification:_identify(.) by extensions ['ros']
[0.181s] Level 1:colcon.colcon_core.package_identification:_identify(.) by extension 'ros'
[0.188s] Level 1:colcon.colcon_core.package_identification:_identify(.) by extensions ['cmake', 'python']
[0.188s] Level 1:colcon.colcon_core.package_identification:_identify(.) by extension 'cmake'
[0.188s] Level 1:colcon.colcon_core.package_identification:_identify(.) by extension 'python'
[0.188s] Level 1:colcon.colcon_core.package_identification:_identify(.) by extensions ['python_setup_py']
[0.188s] Level 1:colcon.colcon_core.package_identification:_identify(.) by extension 'python_setup_py'
[0.189s] Level 1:colcon.colcon_core.package_identification:_identify(build) by extensions ['ignore', 'ignore_ament_install']
[0.189s] Level 1:colcon.colcon_core.package_identification:_identify(build) by extension 'ignore'
[0.189s] Level 1:colcon.colcon_core.package_identification:_identify(build) ignored
[0.189s] Level 1:colcon.colcon_core.package_identification:_identify(install) by extensions ['ignore', 'ignore_ament_install']
[0.189s] Level 1:colcon.colcon_core.package_identification:_identify(install) by extension 'ignore'
[0.189s] Level 1:colcon.colcon_core.package_identification:_identify(install) ignored
[0.189s] Level 1:colcon.colcon_core.package_identification:_identify(log) by extensions ['ignore', 'ignore_ament_install']
[0.189s] Level 1:colcon.colcon_core.package_identification:_identify(log) by extension 'ignore'
[0.189s] Level 1:colcon.colcon_core.package_identification:_identify(log) ignored
[0.189s] Level 1:colcon.colcon_core.package_identification:_identify(src) by extensions ['ignore', 'ignore_ament_install']
[0.189s] Level 1:colcon.colcon_core.package_identification:_identify(src) by extension 'ignore'
[0.189s] Level 1:colcon.colcon_core.package_identification:_identify(src) by extension 'ignore_ament_install'
[0.189s] Level 1:colcon.colcon_core.package_identification:_identify(src) by extensions ['colcon_pkg']
[0.189s] Level 1:colcon.colcon_core.package_identification:_identify(src) by extension 'colcon_pkg'
[0.189s] Level 1:colcon.colcon_core.package_identification:_identify(src) by extensions ['colcon_meta']
[0.189s] Level 1:colcon.colcon_core.package_identification:_identify(src) by extension 'colcon_meta'
[0.189s] Level 1:colcon.colcon_core.package_identification:_identify(src) by extensions ['ros']
[0.189s] Level 1:colcon.colcon_core.package_identification:_identify(src) by extension 'ros'
[0.189s] Level 1:colcon.colcon_core.package_identification:_identify(src) by extensions ['cmake', 'python']
[0.189s] Level 1:colcon.colcon_core.package_identification:_identify(src) by extension 'cmake'
[0.189s] Level 1:colcon.colcon_core.package_identification:_identify(src) by extension 'python'
[0.189s] Level 1:colcon.colcon_core.package_identification:_identify(src) by extensions ['python_setup_py']
[0.190s] Level 1:colcon.colcon_core.package_identification:_identify(src) by extension 'python_setup_py'
[0.190s] Level 1:colcon.colcon_core.package_identification:_identify(src/control_simulate) by extensions ['ignore', 'ignore_ament_install']
[0.190s] Level 1:colcon.colcon_core.package_identification:_identify(src/control_simulate) by extension 'ignore'
[0.190s] Level 1:colcon.colcon_core.package_identification:_identify(src/control_simulate) by extension 'ignore_ament_install'
[0.190s] Level 1:colcon.colcon_core.package_identification:_identify(src/control_simulate) by extensions ['colcon_pkg']
[0.190s] Level 1:colcon.colcon_core.package_identification:_identify(src/control_simulate) by extension 'colcon_pkg'
[0.190s] Level 1:colcon.colcon_core.package_identification:_identify(src/control_simulate) by extensions ['colcon_meta']
[0.190s] Level 1:colcon.colcon_core.package_identification:_identify(src/control_simulate) by extension 'colcon_meta'
[0.190s] Level 1:colcon.colcon_core.package_identification:_identify(src/control_simulate) by extensions ['ros']
[0.190s] Level 1:colcon.colcon_core.package_identification:_identify(src/control_simulate) by extension 'ros'
[0.191s] DEBUG:colcon.colcon_core.package_identification:Package 'src/control_simulate' with type 'ros.ament_python' and name 'control_simulate'
[0.191s] Level 1:colcon.colcon_core.package_identification:_identify(src/wanderbot4W_description) by extensions ['ignore', 'ignore_ament_install']
[0.192s] Level 1:colcon.colcon_core.package_identification:_identify(src/wanderbot4W_description) by extension 'ignore'
[0.192s] Level 1:colcon.colcon_core.package_identification:_identify(src/wanderbot4W_description) by extension 'ignore_ament_install'
[0.192s] Level 1:colcon.colcon_core.package_identification:_identify(src/wanderbot4W_description) by extensions ['colcon_pkg']
[0.192s] Level 1:colcon.colcon_core.package_identification:_identify(src/wanderbot4W_description) by extension 'colcon_pkg'
[0.192s] Level 1:colcon.colcon_core.package_identification:_identify(src/wanderbot4W_description) by extensions ['colcon_meta']
[0.192s] Level 1:colcon.colcon_core.package_identification:_identify(src/wanderbot4W_description) by extension 'colcon_meta'
[0.192s] Level 1:colcon.colcon_core.package_identification:_identify(src/wanderbot4W_description) by extensions ['ros']
[0.192s] Level 1:colcon.colcon_core.package_identification:_identify(src/wanderbot4W_description) by extension 'ros'
[0.192s] DEBUG:colcon.colcon_core.package_identification:Package 'src/wanderbot4W_description' with type 'ros.ament_python' and name 'wanderbot4W_description'
[0.192s] Level 1:colcon.colcon_core.package_discovery:discover_packages(recursive) using defaults
[0.192s] Level 1:colcon.colcon_core.package_discovery:discover_packages(ignore) discover
[0.192s] Level 1:colcon.colcon_core.package_discovery:discover_packages(ignore) using defaults
[0.192s] Level 1:colcon.colcon_core.package_discovery:discover_packages(path) discover
[0.192s] Level 1:colcon.colcon_core.package_discovery:discover_packages(path) using defaults
[0.208s] Level 1:colcon.colcon_core.package_discovery:discover_packages(prefix_path) check parameters
[0.208s] Level 1:colcon.colcon_core.package_discovery:discover_packages(prefix_path) discover
[0.225s] DEBUG:colcon.colcon_installed_package_information.package_discovery:Found 2 installed packages in /home/ctk/wanderbot/install
[0.228s] DEBUG:colcon.colcon_installed_package_information.package_discovery:Found 412 installed packages in /opt/ros/humble
[0.230s] Level 1:colcon.colcon_core.package_discovery:discover_packages(prefix_path) using defaults
[0.266s] Level 5:colcon.colcon_core.verb:set package 'control_simulate' build argument 'cmake_args' from command line to 'None'
[0.266s] Level 5:colcon.colcon_core.verb:set package 'control_simulate' build argument 'cmake_target' from command line to 'None'
[0.267s] Level 5:colcon.colcon_core.verb:set package 'control_simulate' build argument 'cmake_target_skip_unavailable' from command line to 'False'
[0.267s] Level 5:colcon.colcon_core.verb:set package 'control_simulate' build argument 'cmake_clean_cache' from command line to 'False'
[0.267s] Level 5:colcon.colcon_core.verb:set package 'control_simulate' build argument 'cmake_clean_first' from command line to 'False'
[0.267s] Level 5:colcon.colcon_core.verb:set package 'control_simulate' build argument 'cmake_force_configure' from command line to 'False'
[0.267s] Level 5:colcon.colcon_core.verb:set package 'control_simulate' build argument 'ament_cmake_args' from command line to 'None'
[0.267s] Level 5:colcon.colcon_core.verb:set package 'control_simulate' build argument 'catkin_cmake_args' from command line to 'None'
[0.267s] Level 5:colcon.colcon_core.verb:set package 'control_simulate' build argument 'catkin_skip_building_tests' from command line to 'False'
[0.267s] DEBUG:colcon.colcon_core.verb:Building package 'control_simulate' with the following arguments: {'ament_cmake_args': None, 'build_base': '/home/ctk/wanderbot/build/control_simulate', 'catkin_cmake_args': None, 'catkin_skip_building_tests': False, 'cmake_args': None, 'cmake_clean_cache': False, 'cmake_clean_first': False, 'cmake_force_configure': False, 'cmake_target': None, 'cmake_target_skip_unavailable': False, 'install_base': '/home/ctk/wanderbot/install/control_simulate', 'merge_install': False, 'path': '/home/ctk/wanderbot/src/control_simulate', 'symlink_install': False, 'test_result_base': None}
[0.267s] Level 5:colcon.colcon_core.verb:set package 'wanderbot4W_description' build argument 'cmake_args' from command line to 'None'
[0.267s] Level 5:colcon.colcon_core.verb:set package 'wanderbot4W_description' build argument 'cmake_target' from command line to 'None'
[0.267s] Level 5:colcon.colcon_core.verb:set package 'wanderbot4W_description' build argument 'cmake_target_skip_unavailable' from command line to 'False'
[0.267s] Level 5:colcon.colcon_core.verb:set package 'wanderbot4W_description' build argument 'cmake_clean_cache' from command line to 'False'
[0.267s] Level 5:colcon.colcon_core.verb:set package 'wanderbot4W_description' build argument 'cmake_clean_first' from command line to 'False'
[0.267s] Level 5:colcon.colcon_core.verb:set package 'wanderbot4W_description' build argument 'cmake_force_configure' from command line to 'False'
[0.267s] Level 5:colcon.colcon_core.verb:set package 'wanderbot4W_description' build argument 'ament_cmake_args' from command line to 'None'
[0.267s] Level 5:colcon.colcon_core.verb:set package 'wanderbot4W_description' build argument 'catkin_cmake_args' from command line to 'None'
[0.267s] Level 5:colcon.colcon_core.verb:set package 'wanderbot4W_description' build argument 'catkin_skip_building_tests' from command line to 'False'
[0.267s] DEBUG:colcon.colcon_core.verb:Building package 'wanderbot4W_description' with the following arguments: {'ament_cmake_args': None, 'build_base': '/home/ctk/wanderbot/build/wanderbot4W_description', 'catkin_cmake_args': None, 'catkin_skip_building_tests': False, 'cmake_args': None, 'cmake_clean_cache': False, 'cmake_clean_first': False, 'cmake_force_configure': False, 'cmake_target': None, 'cmake_target_skip_unavailable': False, 'install_base': '/home/ctk/wanderbot/install/wanderbot4W_description', 'merge_install': False, 'path': '/home/ctk/wanderbot/src/wanderbot4W_description', 'symlink_install': False, 'test_result_base': None}
[0.267s] INFO:colcon.colcon_core.executor:Executing jobs using 'parallel' executor
[0.268s] DEBUG:colcon.colcon_parallel_executor.executor.parallel:run_until_complete
[0.268s] INFO:colcon.colcon_ros.task.ament_python.build:Building ROS package in '/home/ctk/wanderbot/src/control_simulate' with build type 'ament_python'
[0.268s] Level 1:colcon.colcon_core.shell:create_environment_hook('control_simulate', 'ament_prefix_path')
[0.270s] INFO:colcon.colcon_core.plugin_system:Skipping extension 'colcon_core.shell.bat': Not used on non-Windows systems
[0.270s] INFO:colcon.colcon_core.shell:Creating environment hook '/home/ctk/wanderbot/install/control_simulate/share/control_simulate/hook/ament_prefix_path.ps1'
[0.270s] INFO:colcon.colcon_core.shell:Creating environment descriptor '/home/ctk/wanderbot/install/control_simulate/share/control_simulate/hook/ament_prefix_path.dsv'
[0.271s] INFO:colcon.colcon_core.shell:Creating environment hook '/home/ctk/wanderbot/install/control_simulate/share/control_simulate/hook/ament_prefix_path.sh'
[0.271s] INFO:colcon.colcon_core.shell:Skip shell extension 'powershell' for command environment: Not usable outside of PowerShell
[0.271s] DEBUG:colcon.colcon_core.shell:Skip shell extension 'dsv' for command environment
[0.273s] INFO:colcon.colcon_ros.task.ament_python.build:Building ROS package in '/home/ctk/wanderbot/src/wanderbot4W_description' with build type 'ament_python'
[0.274s] Level 1:colcon.colcon_core.shell:create_environment_hook('wanderbot4W_description', 'ament_prefix_path')
[0.274s] INFO:colcon.colcon_core.shell:Creating environment hook '/home/ctk/wanderbot/install/wanderbot4W_description/share/wanderbot4W_description/hook/ament_prefix_path.ps1'
[0.274s] INFO:colcon.colcon_core.shell:Creating environment descriptor '/home/ctk/wanderbot/install/wanderbot4W_description/share/wanderbot4W_description/hook/ament_prefix_path.dsv'
[0.275s] INFO:colcon.colcon_core.shell:Creating environment hook '/home/ctk/wanderbot/install/wanderbot4W_description/share/wanderbot4W_description/hook/ament_prefix_path.sh'
[0.275s] INFO:colcon.colcon_core.shell:Skip shell extension 'powershell' for command environment: Not usable outside of PowerShell
[0.275s] DEBUG:colcon.colcon_core.shell:Skip shell extension 'dsv' for command environment
[0.458s] INFO:colcon.colcon_core.task.python.build:Building Python package in '/home/ctk/wanderbot/src/control_simulate'
[0.459s] INFO:colcon.colcon_core.shell:Skip shell extension 'powershell' for command environment: Not usable outside of PowerShell
[0.459s] DEBUG:colcon.colcon_core.shell:Skip shell extension 'dsv' for command environment
[0.634s] INFO:colcon.colcon_core.task.python.build:Building Python package in '/home/ctk/wanderbot/src/wanderbot4W_description'
[0.635s] INFO:colcon.colcon_core.shell:Skip shell extension 'powershell' for command environment: Not usable outside of PowerShell
[0.635s] DEBUG:colcon.colcon_core.shell:Skip shell extension 'dsv' for command environment
[0.921s] DEBUG:colcon.colcon_core.event_handler.log_command:Invoking command in '/home/ctk/wanderbot/src/wanderbot4W_description': PYTHONPATH=/home/ctk/wanderbot/build/wanderbot4W_description/prefix_override:/home/ctk/wanderbot/install/wanderbot4W_description/lib/python3.10/site-packages:${PYTHONPATH} /usr/bin/python3 -W ignore:setup.py install is deprecated setup.py egg_info --egg-base ../../build/wanderbot4W_description build --build-base /home/ctk/wanderbot/build/wanderbot4W_description/build install --record /home/ctk/wanderbot/build/wanderbot4W_description/install.log --single-version-externally-managed install_data
[0.923s] DEBUG:colcon.colcon_core.event_handler.log_command:Invoking command in '/home/ctk/wanderbot/src/control_simulate': PYTHONPATH=/home/ctk/wanderbot/build/control_simulate/prefix_override:/home/ctk/wanderbot/install/control_simulate/lib/python3.10/site-packages:${PYTHONPATH} /usr/bin/python3 -W ignore:setup.py install is deprecated setup.py egg_info --egg-base ../../build/control_simulate build --build-base /home/ctk/wanderbot/build/control_simulate/build install --record /home/ctk/wanderbot/build/control_simulate/install.log --single-version-externally-managed install_data
[1.160s] DEBUG:colcon.colcon_core.event_handler.log_command:Invoked command in '/home/ctk/wanderbot/src/wanderbot4W_description' returned '0': PYTHONPATH=/home/ctk/wanderbot/build/wanderbot4W_description/prefix_override:/home/ctk/wanderbot/install/wanderbot4W_description/lib/python3.10/site-packages:${PYTHONPATH} /usr/bin/python3 -W ignore:setup.py install is deprecated setup.py egg_info --egg-base ../../build/wanderbot4W_description build --build-base /home/ctk/wanderbot/build/wanderbot4W_description/build install --record /home/ctk/wanderbot/build/wanderbot4W_description/install.log --single-version-externally-managed install_data
[1.162s] Level 1:colcon.colcon_core.environment:checking '/home/ctk/wanderbot/install/wanderbot4W_description' for CMake module files
[1.163s] Level 1:colcon.colcon_core.environment:checking '/home/ctk/wanderbot/install/wanderbot4W_description' for CMake config files
[1.164s] Level 1:colcon.colcon_core.environment:checking '/home/ctk/wanderbot/install/wanderbot4W_description/lib'
[1.164s] Level 1:colcon.colcon_core.environment:checking '/home/ctk/wanderbot/install/wanderbot4W_description/bin'
[1.164s] Level 1:colcon.colcon_core.environment:checking '/home/ctk/wanderbot/install/wanderbot4W_description/lib/pkgconfig/wanderbot4W_description.pc'
[1.164s] Level 1:colcon.colcon_core.environment:checking '/home/ctk/wanderbot/install/wanderbot4W_description/lib/python3.10/site-packages'
[1.164s] Level 1:colcon.colcon_core.shell:create_environment_hook('wanderbot4W_description', 'pythonpath')
[1.164s] INFO:colcon.colcon_core.shell:Creating environment hook '/home/ctk/wanderbot/install/wanderbot4W_description/share/wanderbot4W_description/hook/pythonpath.ps1'
[1.165s] INFO:colcon.colcon_core.shell:Creating environment descriptor '/home/ctk/wanderbot/install/wanderbot4W_description/share/wanderbot4W_description/hook/pythonpath.dsv'
[1.165s] INFO:colcon.colcon_core.shell:Creating environment hook '/home/ctk/wanderbot/install/wanderbot4W_description/share/wanderbot4W_description/hook/pythonpath.sh'
[1.166s] Level 1:colcon.colcon_core.environment:checking '/home/ctk/wanderbot/install/wanderbot4W_description/bin'
[1.166s] Level 1:colcon.colcon_core.environment:create_environment_scripts_only(wanderbot4W_description)
[1.166s] INFO:colcon.colcon_core.shell:Creating package script '/home/ctk/wanderbot/install/wanderbot4W_description/share/wanderbot4W_description/package.ps1'
[1.167s] INFO:colcon.colcon_core.shell:Creating package descriptor '/home/ctk/wanderbot/install/wanderbot4W_description/share/wanderbot4W_description/package.dsv'
[1.168s] INFO:colcon.colcon_core.shell:Creating package script '/home/ctk/wanderbot/install/wanderbot4W_description/share/wanderbot4W_description/package.sh'
[1.168s] INFO:colcon.colcon_core.shell:Creating package script '/home/ctk/wanderbot/install/wanderbot4W_description/share/wanderbot4W_description/package.bash'
[1.169s] INFO:colcon.colcon_core.shell:Creating package script '/home/ctk/wanderbot/install/wanderbot4W_description/share/wanderbot4W_description/package.zsh'
[1.170s] Level 1:colcon.colcon_core.environment:create_file_with_runtime_dependencies(/home/ctk/wanderbot/install/wanderbot4W_description/share/colcon-core/packages/wanderbot4W_description)
[1.171s] Level 1:colcon.colcon_core.environment:checking '/home/ctk/wanderbot/install/control_simulate' for CMake module files
[1.171s] DEBUG:colcon.colcon_core.event_handler.log_command:Invoked command in '/home/ctk/wanderbot/src/control_simulate' returned '0': PYTHONPATH=/home/ctk/wanderbot/build/control_simulate/prefix_override:/home/ctk/wanderbot/install/control_simulate/lib/python3.10/site-packages:${PYTHONPATH} /usr/bin/python3 -W ignore:setup.py install is deprecated setup.py egg_info --egg-base ../../build/control_simulate build --build-base /home/ctk/wanderbot/build/control_simulate/build install --record /home/ctk/wanderbot/build/control_simulate/install.log --single-version-externally-managed install_data
[1.172s] Level 1:colcon.colcon_core.environment:checking '/home/ctk/wanderbot/install/control_simulate' for CMake config files
[1.172s] Level 1:colcon.colcon_core.environment:checking '/home/ctk/wanderbot/install/control_simulate/lib'
[1.172s] Level 1:colcon.colcon_core.environment:checking '/home/ctk/wanderbot/install/control_simulate/bin'
[1.172s] Level 1:colcon.colcon_core.environment:checking '/home/ctk/wanderbot/install/control_simulate/lib/pkgconfig/control_simulate.pc'
[1.172s] Level 1:colcon.colcon_core.environment:checking '/home/ctk/wanderbot/install/control_simulate/lib/python3.10/site-packages'
[1.172s] Level 1:colcon.colcon_core.shell:create_environment_hook('control_simulate', 'pythonpath')
[1.172s] INFO:colcon.colcon_core.shell:Creating environment hook '/home/ctk/wanderbot/install/control_simulate/share/control_simulate/hook/pythonpath.ps1'
[1.173s] INFO:colcon.colcon_core.shell:Creating environment descriptor '/home/ctk/wanderbot/install/control_simulate/share/control_simulate/hook/pythonpath.dsv'
[1.173s] INFO:colcon.colcon_core.shell:Creating environment hook '/home/ctk/wanderbot/install/control_simulate/share/control_simulate/hook/pythonpath.sh'
[1.173s] Level 1:colcon.colcon_core.environment:checking '/home/ctk/wanderbot/install/control_simulate/bin'
[1.173s] Level 1:colcon.colcon_core.environment:create_environment_scripts_only(control_simulate)
[1.173s] INFO:colcon.colcon_core.shell:Creating package script '/home/ctk/wanderbot/install/control_simulate/share/control_simulate/package.ps1'
[1.174s] INFO:colcon.colcon_core.shell:Creating package descriptor '/home/ctk/wanderbot/install/control_simulate/share/control_simulate/package.dsv'
[1.174s] INFO:colcon.colcon_core.shell:Creating package script '/home/ctk/wanderbot/install/control_simulate/share/control_simulate/package.sh'
[1.174s] INFO:colcon.colcon_core.shell:Creating package script '/home/ctk/wanderbot/install/control_simulate/share/control_simulate/package.bash'
[1.174s] INFO:colcon.colcon_core.shell:Creating package script '/home/ctk/wanderbot/install/control_simulate/share/control_simulate/package.zsh'
[1.175s] Level 1:colcon.colcon_core.environment:create_file_with_runtime_dependencies(/home/ctk/wanderbot/install/control_simulate/share/colcon-core/packages/control_simulate)
[1.175s] DEBUG:colcon.colcon_parallel_executor.executor.parallel:closing loop
[1.175s] DEBUG:colcon.colcon_parallel_executor.executor.parallel:loop closed
[1.175s] DEBUG:colcon.colcon_parallel_executor.executor.parallel:run_until_complete finished with '0'
[1.175s] DEBUG:colcon.colcon_core.event_reactor:joining thread
[1.180s] INFO:colcon.colcon_core.plugin_system:Skipping extension 'colcon_notification.desktop_notification.terminal_notifier': Not used on non-Darwin systems
[1.180s] INFO:colcon.colcon_core.plugin_system:Skipping extension 'colcon_notification.desktop_notification.win32': Not used on non-Windows systems
[1.180s] INFO:colcon.colcon_notification.desktop_notification:Sending desktop notification using 'notify2'
[1.199s] DEBUG:colcon.colcon_core.event_reactor:joined thread
[1.199s] INFO:colcon.colcon_core.shell:Creating prefix script '/home/ctk/wanderbot/install/local_setup.ps1'
[1.200s] INFO:colcon.colcon_core.shell:Creating prefix util module '/home/ctk/wanderbot/install/_local_setup_util_ps1.py'
[1.201s] INFO:colcon.colcon_core.shell:Creating prefix chain script '/home/ctk/wanderbot/install/setup.ps1'
[1.202s] INFO:colcon.colcon_core.shell:Creating prefix script '/home/ctk/wanderbot/install/local_setup.sh'
[1.202s] INFO:colcon.colcon_core.shell:Creating prefix util module '/home/ctk/wanderbot/install/_local_setup_util_sh.py'
[1.203s] INFO:colcon.colcon_core.shell:Creating prefix chain script '/home/ctk/wanderbot/install/setup.sh'
[1.204s] INFO:colcon.colcon_core.shell:Creating prefix script '/home/ctk/wanderbot/install/local_setup.bash'
[1.204s] INFO:colcon.colcon_core.shell:Creating prefix chain script '/home/ctk/wanderbot/install/setup.bash'
[1.205s] INFO:colcon.colcon_core.shell:Creating prefix script '/home/ctk/wanderbot/install/local_setup.zsh'
[1.205s] INFO:colcon.colcon_core.shell:Creating prefix chain script '/home/ctk/wanderbot/install/setup.zsh'
