running egg_info
creating ../../build/control_simulate/control_simulate.egg-info
writing ../../build/control_simulate/control_simulate.egg-info/PKG-INFO
writing dependency_links to ../../build/control_simulate/control_simulate.egg-info/dependency_links.txt
writing entry points to ../../build/control_simulate/control_simulate.egg-info/entry_points.txt
writing requirements to ../../build/control_simulate/control_simulate.egg-info/requires.txt
writing top-level names to ../../build/control_simulate/control_simulate.egg-info/top_level.txt
writing manifest file '../../build/control_simulate/control_simulate.egg-info/SOURCES.txt'
reading manifest file '../../build/control_simulate/control_simulate.egg-info/SOURCES.txt'
writing manifest file '../../build/control_simulate/control_simulate.egg-info/SOURCES.txt'
running build
running build_py
creating /home/ctk/wanderbot/build/control_simulate/build
creating /home/ctk/wanderbot/build/control_simulate/build/lib
creating /home/ctk/wanderbot/build/control_simulate/build/lib/control_simulate
copying control_simulate/__init__.py -> /home/ctk/wanderbot/build/control_simulate/build/lib/control_simulate
copying control_simulate/control_sim.py -> /home/ctk/wanderbot/build/control_simulate/build/lib/control_simulate
creating /home/ctk/wanderbot/build/control_simulate/build/lib/control_simulate/ui
copying control_simulate/ui/speed_coltrol.py -> /home/ctk/wanderbot/build/control_simulate/build/lib/control_simulate/ui
copying control_simulate/ui/__init__.py -> /home/ctk/wanderbot/build/control_simulate/build/lib/control_simulate/ui
running install
running install_lib
creating /home/ctk/wanderbot/install/control_simulate/lib/python3.10/site-packages/control_simulate
copying /home/ctk/wanderbot/build/control_simulate/build/lib/control_simulate/__init__.py -> /home/ctk/wanderbot/install/control_simulate/lib/python3.10/site-packages/control_simulate
creating /home/ctk/wanderbot/install/control_simulate/lib/python3.10/site-packages/control_simulate/ui
copying /home/ctk/wanderbot/build/control_simulate/build/lib/control_simulate/ui/speed_coltrol.py -> /home/ctk/wanderbot/install/control_simulate/lib/python3.10/site-packages/control_simulate/ui
copying /home/ctk/wanderbot/build/control_simulate/build/lib/control_simulate/ui/__init__.py -> /home/ctk/wanderbot/install/control_simulate/lib/python3.10/site-packages/control_simulate/ui
copying /home/ctk/wanderbot/build/control_simulate/build/lib/control_simulate/control_sim.py -> /home/ctk/wanderbot/install/control_simulate/lib/python3.10/site-packages/control_simulate
byte-compiling /home/ctk/wanderbot/install/control_simulate/lib/python3.10/site-packages/control_simulate/__init__.py to __init__.cpython-310.pyc
byte-compiling /home/ctk/wanderbot/install/control_simulate/lib/python3.10/site-packages/control_simulate/ui/speed_coltrol.py to speed_coltrol.cpython-310.pyc
byte-compiling /home/ctk/wanderbot/install/control_simulate/lib/python3.10/site-packages/control_simulate/ui/__init__.py to __init__.cpython-310.pyc
byte-compiling /home/ctk/wanderbot/install/control_simulate/lib/python3.10/site-packages/control_simulate/control_sim.py to control_sim.cpython-310.pyc
running install_data
creating /home/ctk/wanderbot/install/control_simulate/share/ament_index
creating /home/ctk/wanderbot/install/control_simulate/share/ament_index/resource_index
creating /home/ctk/wanderbot/install/control_simulate/share/ament_index/resource_index/packages
copying resource/control_simulate -> /home/ctk/wanderbot/install/control_simulate/share/ament_index/resource_index/packages
copying package.xml -> /home/ctk/wanderbot/install/control_simulate/share/control_simulate
running install_egg_info
Copying ../../build/control_simulate/control_simulate.egg-info to /home/ctk/wanderbot/install/control_simulate/lib/python3.10/site-packages/control_simulate-0.0.0-py3.10.egg-info
running install_scripts
Installing control_sim script to /home/ctk/wanderbot/install/control_simulate/lib/control_simulate
writing list of installed files to '/home/ctk/wanderbot/build/control_simulate/install.log'
