/home/ctk/wanderbot/install/wanderbot4W_description/lib/python3.10/site-packages/wanderbot4W_description/__init__.py
/home/ctk/wanderbot/install/wanderbot4W_description/lib/python3.10/site-packages/wanderbot4W_description/__pycache__/__init__.cpython-310.pyc
/home/ctk/wanderbot/install/wanderbot4W_description/share/ament_index/resource_index/packages/wanderbot4W_description
/home/ctk/wanderbot/install/wanderbot4W_description/share/wanderbot4W_description/package.xml
/home/ctk/wanderbot/install/wanderbot4W_description/share/wanderbot4W_description/urdf/stm32_2w.urdf
/home/ctk/wanderbot/install/wanderbot4W_description/share/wanderbot4W_description/urdf/stm32_4w_.urdf
/home/ctk/wanderbot/install/wanderbot4W_description/share/wanderbot4W_description/urdf/arduino.urdf
/home/ctk/wanderbot/install/wanderbot4W_description/share/wanderbot4W_description/urdf/stm32_4w.urdf
/home/ctk/wanderbot/install/wanderbot4W_description/share/wanderbot4W_description/launch/wanderbot.launch.py
/home/ctk/wanderbot/install/wanderbot4W_description/share/wanderbot4W_description/launch/wanderbot_gazebo.launch.py
/home/ctk/wanderbot/install/wanderbot4W_description/share/wanderbot4W_description/mesh/diff_4w/laser_link.STL
/home/ctk/wanderbot/install/wanderbot4W_description/share/wanderbot4W_description/mesh/diff_4w/right_former_link.STL
/home/ctk/wanderbot/install/wanderbot4W_description/share/wanderbot4W_description/mesh/diff_4w/camera_link.STL
/home/ctk/wanderbot/install/wanderbot4W_description/share/wanderbot4W_description/mesh/diff_4w/right_rear_link.STL
/home/ctk/wanderbot/install/wanderbot4W_description/share/wanderbot4W_description/mesh/diff_4w/base_link.STL
/home/ctk/wanderbot/install/wanderbot4W_description/share/wanderbot4W_description/mesh/diff_4w/left_former_link.STL
/home/ctk/wanderbot/install/wanderbot4W_description/share/wanderbot4W_description/mesh/diff_4w/left_rear_link.STL
/home/ctk/wanderbot/install/wanderbot4W_description/share/wanderbot4W_description/mesh/diff_4w/bracket_link.STL
/home/ctk/wanderbot/install/wanderbot4W_description/lib/python3.10/site-packages/wanderbot4W_description-0.0.0-py3.10.egg-info/zip-safe
/home/ctk/wanderbot/install/wanderbot4W_description/lib/python3.10/site-packages/wanderbot4W_description-0.0.0-py3.10.egg-info/entry_points.txt
/home/ctk/wanderbot/install/wanderbot4W_description/lib/python3.10/site-packages/wanderbot4W_description-0.0.0-py3.10.egg-info/top_level.txt
/home/ctk/wanderbot/install/wanderbot4W_description/lib/python3.10/site-packages/wanderbot4W_description-0.0.0-py3.10.egg-info/SOURCES.txt
/home/ctk/wanderbot/install/wanderbot4W_description/lib/python3.10/site-packages/wanderbot4W_description-0.0.0-py3.10.egg-info/PKG-INFO
/home/ctk/wanderbot/install/wanderbot4W_description/lib/python3.10/site-packages/wanderbot4W_description-0.0.0-py3.10.egg-info/dependency_links.txt
/home/ctk/wanderbot/install/wanderbot4W_description/lib/python3.10/site-packages/wanderbot4W_description-0.0.0-py3.10.egg-info/requires.txt
