[0.719s] Invoking command in '/home/ctk/wanderbot/src/wanderbot4W_description': PYTHONPATH=/home/ctk/wanderbot/build/wanderbot4W_description/prefix_override:/home/ctk/wanderbot/install/wanderbot4W_description/lib/python3.10/site-packages:${PYTHONPATH} /usr/bin/python3 -W ignore:setup.py install is deprecated setup.py egg_info --egg-base ../../build/wanderbot4W_description build --build-base /home/ctk/wanderbot/build/wanderbot4W_description/build install --record /home/ctk/wanderbot/build/wanderbot4W_description/install.log --single-version-externally-managed install_data
[0.933s] running egg_info
[0.933s] writing ../../build/wanderbot4W_description/wanderbot4W_description.egg-info/PKG-INFO
[0.934s] writing dependency_links to ../../build/wanderbot4W_description/wanderbot4W_description.egg-info/dependency_links.txt
[0.934s] writing entry points to ../../build/wanderbot4W_description/wanderbot4W_description.egg-info/entry_points.txt
[0.934s] writing requirements to ../../build/wanderbot4W_description/wanderbot4W_description.egg-info/requires.txt
[0.934s] writing top-level names to ../../build/wanderbot4W_description/wanderbot4W_description.egg-info/top_level.txt
[0.935s] reading manifest file '../../build/wanderbot4W_description/wanderbot4W_description.egg-info/SOURCES.txt'
[0.936s] writing manifest file '../../build/wanderbot4W_description/wanderbot4W_description.egg-info/SOURCES.txt'
[0.936s] running build
[0.936s] running build_py
[0.937s] running install
[0.937s] running install_lib
[0.938s] running install_data
[0.938s] running install_egg_info
[0.941s] removing '/home/ctk/wanderbot/install/wanderbot4W_description/lib/python3.10/site-packages/wanderbot4W_description-0.0.0-py3.10.egg-info' (and everything under it)
[0.941s] Copying ../../build/wanderbot4W_description/wanderbot4W_description.egg-info to /home/ctk/wanderbot/install/wanderbot4W_description/lib/python3.10/site-packages/wanderbot4W_description-0.0.0-py3.10.egg-info
[0.942s] running install_scripts
[0.959s] writing list of installed files to '/home/ctk/wanderbot/build/wanderbot4W_description/install.log'
[0.995s] Invoked command in '/home/ctk/wanderbot/src/wanderbot4W_description' returned '0': PYTHONPATH=/home/ctk/wanderbot/build/wanderbot4W_description/prefix_override:/home/ctk/wanderbot/install/wanderbot4W_description/lib/python3.10/site-packages:${PYTHONPATH} /usr/bin/python3 -W ignore:setup.py install is deprecated setup.py egg_info --egg-base ../../build/wanderbot4W_description build --build-base /home/ctk/wanderbot/build/wanderbot4W_description/build install --record /home/ctk/wanderbot/build/wanderbot4W_description/install.log --single-version-externally-managed install_data
